[01-Oct-2018 18:40:05 UTC] PHP Warning:  Error while sending QUERY packet. PID=738 in /app/public/wp-includes/wp-db.php on line 1924
[01-Oct-2018 19:38:42 UTC] PHP Parse error:  syntax error, unexpected '%' in /app/public/experiment.php on line 7
[01-Oct-2018 19:44:46 UTC] PHP Parse error:  syntax error, unexpected '++' (T_INC), expecting ')' in /app/public/experiment.php on line 8
[01-Oct-2018 20:08:06 UTC] PHP Parse error:  syntax error, unexpected ')', expecting variable (T_VARIABLE) in /app/public/wp-content/themes/fictional-university-theme/index.php on line 2
[01-Oct-2018 20:23:53 UTC] PHP Fatal error:  Uncaught Error: Call to undefined function len() in /app/public/wp-content/themes/fictional-university-theme/index.php:14
Stack trace:
#0 /app/public/wp-includes/template-loader.php(74): include()
#1 /app/public/wp-blog-header.php(19): require_once('/app/public/wp-...')
#2 /app/public/index.php(17): require('/app/public/wp-...')
#3 {main}
  thrown in /app/public/wp-content/themes/fictional-university-theme/index.php on line 14
[02-Oct-2018 14:58:19 UTC] PHP Parse error:  syntax error, unexpected end of file in /app/public/wp-content/themes/fictional-university-theme/index.php on line 5
[02-Oct-2018 14:58:20 UTC] PHP Parse error:  syntax error, unexpected end of file in /app/public/wp-content/themes/fictional-university-theme/index.php on line 5
[02-Oct-2018 15:00:48 UTC] PHP Fatal error:  Uncaught Error: Call to undefined function the_body() in /app/public/wp-content/themes/fictional-university-theme/index.php:5
Stack trace:
#0 /app/public/wp-includes/template-loader.php(74): include()
#1 /app/public/wp-blog-header.php(19): require_once('/app/public/wp-...')
#2 /app/public/index.php(17): require('/app/public/wp-...')
#3 {main}
  thrown in /app/public/wp-content/themes/fictional-university-theme/index.php on line 5
[02-Oct-2018 15:17:03 UTC] PHP Warning:  get_headers() expects at least 1 parameter, 0 given in /app/public/wp-content/themes/fictional-university-theme/index.php on line 2
[02-Oct-2018 15:27:22 UTC] PHP Warning:  call_user_func_array() expects parameter 1 to be a valid callback, function 'style.css' not found or invalid function name in /app/public/wp-includes/class-wp-hook.php on line 286
[02-Oct-2018 15:32:14 UTC] PHP Warning:  call_user_func_array() expects parameter 1 to be a valid callback, function 'style.css' not found or invalid function name in /app/public/wp-includes/class-wp-hook.php on line 286
[02-Oct-2018 15:32:28 UTC] PHP Warning:  call_user_func_array() expects parameter 1 to be a valid callback, function 'style.css' not found or invalid function name in /app/public/wp-includes/class-wp-hook.php on line 286
[02-Oct-2018 15:32:29 UTC] PHP Warning:  call_user_func_array() expects parameter 1 to be a valid callback, function 'style.css' not found or invalid function name in /app/public/wp-includes/class-wp-hook.php on line 286
[02-Oct-2018 17:19:54 UTC] PHP Parse error:  syntax error, unexpected ')' in /app/public/wp-content/themes/fictional-university-theme/functions.php on line 14
[02-Oct-2018 19:26:17 UTC] PHP Parse error:  syntax error, unexpected '<' in /app/public/wp-content/themes/fictional-university-theme/page.php on line 40
[02-Oct-2018 19:26:31 UTC] PHP Fatal error:  Uncaught Error: Call to undefined function get_title() in /app/public/wp-content/themes/fictional-university-theme/page.php:40
Stack trace:
#0 /app/public/wp-includes/template-loader.php(74): include()
#1 /app/public/wp-blog-header.php(19): require_once('/app/public/wp-...')
#2 /app/public/index.php(17): require('/app/public/wp-...')
#3 {main}
  thrown in /app/public/wp-content/themes/fictional-university-theme/page.php on line 40
[03-Oct-2018 15:55:58 UTC] PHP Fatal error:  Uncaught Error: Call to undefined function the_exerpt() in /app/public/wp-content/themes/fictional-university-theme/index.php:26
Stack trace:
#0 /app/public/wp-includes/template-loader.php(74): include()
#1 /app/public/wp-blog-header.php(19): require_once('/app/public/wp-...')
#2 /app/public/index.php(17): require('/app/public/wp-...')
#3 {main}
  thrown in /app/public/wp-content/themes/fictional-university-theme/index.php on line 26
[03-Oct-2018 16:16:50 UTC] PHP Parse error:  syntax error, unexpected 'echo' (T_ECHO) in /app/public/wp-content/themes/fictional-university-theme/index.php on line 31
[03-Oct-2018 16:33:42 UTC] PHP Warning:  count(): Parameter must be an array or an object that implements Countable in /app/public/wp-includes/post-template.php on line 284
[03-Oct-2018 16:36:39 UTC] PHP Parse error:  syntax error, unexpected ',' in /app/public/wp-content/themes/fictional-university-theme/single.php on line 20
[03-Oct-2018 16:37:56 UTC] PHP Warning:  count(): Parameter must be an array or an object that implements Countable in /app/public/wp-includes/post-template.php on line 284
[03-Oct-2018 16:38:09 UTC] PHP Warning:  count(): Parameter must be an array or an object that implements Countable in /app/public/wp-includes/post-template.php on line 284
[03-Oct-2018 16:54:48 UTC] PHP Warning:  count(): Parameter must be an array or an object that implements Countable in /app/public/wp-includes/post-template.php on line 284
[03-Oct-2018 17:40:43 UTC] PHP Fatal error:  Uncaught Error: Call to undefined function site_uri() in /app/public/wp-content/themes/fictional-university-theme/header.php:33
Stack trace:
#0 /app/public/wp-includes/template.php(688): require_once()
#1 /app/public/wp-includes/template.php(647): load_template('/app/public/wp-...', true)
#2 /app/public/wp-includes/general-template.php(41): locate_template(Array, true)
#3 /app/public/wp-content/themes/fictional-university-theme/front-page.php(1): get_header()
#4 /app/public/wp-includes/template-loader.php(74): include('/app/public/wp-...')
#5 /app/public/wp-blog-header.php(19): require_once('/app/public/wp-...')
#6 /app/public/index.php(17): require('/app/public/wp-...')
#7 {main}
  thrown in /app/public/wp-content/themes/fictional-university-theme/header.php on line 33
[03-Oct-2018 17:40:47 UTC] PHP Fatal error:  Uncaught Error: Call to undefined function site_uri() in /app/public/wp-content/themes/fictional-university-theme/header.php:33
Stack trace:
#0 /app/public/wp-includes/template.php(688): require_once()
#1 /app/public/wp-includes/template.php(647): load_template('/app/public/wp-...', true)
#2 /app/public/wp-includes/general-template.php(41): locate_template(Array, true)
#3 /app/public/wp-content/themes/fictional-university-theme/front-page.php(1): get_header()
#4 /app/public/wp-includes/template-loader.php(74): include('/app/public/wp-...')
#5 /app/public/wp-blog-header.php(19): require_once('/app/public/wp-...')
#6 /app/public/index.php(17): require('/app/public/wp-...')
#7 {main}
  thrown in /app/public/wp-content/themes/fictional-university-theme/header.php on line 33
[03-Oct-2018 18:07:06 UTC] PHP Warning:  Use of undefined constant the_title - assumed 'the_title' (this will throw an Error in a future version of PHP) in /app/public/wp-content/themes/fictional-university-theme/front-page.php on line 52
[03-Oct-2018 19:06:11 UTC] PHP Fatal error:  Uncaught ArgumentCountError: Too few arguments to function wp_get_post_parent_id(), 0 passed in /app/public/wp-content/themes/fictional-university-theme/header.php on line 34 and exactly 1 expected in /app/public/wp-includes/post.php:6205
Stack trace:
#0 /app/public/wp-content/themes/fictional-university-theme/header.php(34): wp_get_post_parent_id()
#1 /app/public/wp-includes/template.php(688): require_once('/app/public/wp-...')
#2 /app/public/wp-includes/template.php(647): load_template('/app/public/wp-...', true)
#3 /app/public/wp-includes/general-template.php(41): locate_template(Array, true)
#4 /app/public/wp-content/themes/fictional-university-theme/index.php(1): get_header()
#5 /app/public/wp-includes/template-loader.php(74): include('/app/public/wp-...')
#6 /app/public/wp-blog-header.php(19): require_once('/app/public/wp-...')
#7 /app/public/index.php(17): require('/app/public/wp-...')
#8 {main}
  thrown in /app/public/wp-includes/post.php on line 6205
[04-Oct-2018 16:45:11 UTC] PHP Warning:  call_user_func_array() expects parameter 1 to be a valid callback, function 'university_post_types' not found or invalid function name in /app/public/wp-includes/class-wp-hook.php on line 286
[04-Oct-2018 16:46:38 UTC] PHP Warning:  call_user_func_array() expects parameter 1 to be a valid callback, function 'university_post_types' not found or invalid function name in /app/public/wp-includes/class-wp-hook.php on line 286
[04-Oct-2018 16:46:53 UTC] PHP Warning:  call_user_func_array() expects parameter 1 to be a valid callback, function 'university_post_types' not found or invalid function name in /app/public/wp-includes/class-wp-hook.php on line 286
[04-Oct-2018 16:56:43 UTC] PHP Fatal error:  Uncaught Error: Call to a member function have_posts() on null in /app/public/wp-content/themes/fictional-university-theme/front-page.php:25
Stack trace:
#0 /app/public/wp-includes/template-loader.php(74): include()
#1 /app/public/wp-blog-header.php(19): require_once('/app/public/wp-...')
#2 /app/public/index.php(17): require('/app/public/wp-...')
#3 {main}
  thrown in /app/public/wp-content/themes/fictional-university-theme/front-page.php on line 25
[04-Oct-2018 16:57:05 UTC] PHP Fatal error:  Uncaught Error: Call to a member function have_post() on null in /app/public/wp-content/themes/fictional-university-theme/front-page.php:25
Stack trace:
#0 /app/public/wp-includes/template-loader.php(74): include()
#1 /app/public/wp-blog-header.php(19): require_once('/app/public/wp-...')
#2 /app/public/index.php(17): require('/app/public/wp-...')
#3 {main}
  thrown in /app/public/wp-content/themes/fictional-university-theme/front-page.php on line 25
[04-Oct-2018 17:18:44 UTC] PHP Warning:  count(): Parameter must be an array or an object that implements Countable in /app/public/wp-includes/post-template.php on line 284
[04-Oct-2018 17:19:48 UTC] PHP Warning:  count(): Parameter must be an array or an object that implements Countable in /app/public/wp-includes/post-template.php on line 284
[04-Oct-2018 17:23:49 UTC] PHP Warning:  count(): Parameter must be an array or an object that implements Countable in /app/public/wp-includes/post-template.php on line 284
[04-Oct-2018 17:25:46 UTC] PHP Warning:  count(): Parameter must be an array or an object that implements Countable in /app/public/wp-includes/post-template.php on line 284
[04-Oct-2018 17:26:26 UTC] PHP Warning:  count(): Parameter must be an array or an object that implements Countable in /app/public/wp-includes/post-template.php on line 284
[04-Oct-2018 18:08:23 UTC] PHP Fatal error:  Uncaught Error: Call to undefined function the_archive() in /app/public/wp-content/themes/fictional-university-theme/archive-event.php:9
Stack trace:
#0 /app/public/wp-includes/template-loader.php(74): include()
#1 /app/public/wp-blog-header.php(19): require_once('/app/public/wp-...')
#2 /app/public/index.php(17): require('/app/public/wp-...')
#3 {main}
  thrown in /app/public/wp-content/themes/fictional-university-theme/archive-event.php on line 9
[04-Oct-2018 18:53:49 UTC] PHP Fatal error:  Uncaught Error: Call to undefined function get_the_field() in /app/public/wp-content/themes/fictional-university-theme/front-page.php:33
Stack trace:
#0 /app/public/wp-includes/template-loader.php(74): include()
#1 /app/public/wp-blog-header.php(19): require_once('/app/public/wp-...')
#2 /app/public/index.php(17): require('/app/public/wp-...')
#3 {main}
  thrown in /app/public/wp-content/themes/fictional-university-theme/front-page.php on line 33
[04-Oct-2018 18:54:09 UTC] PHP Fatal error:  Uncaught Exception: DateTime::__construct(): Failed to parse time string (14/10/2018) at position 0 (1): Unexpected character in /app/public/wp-content/themes/fictional-university-theme/front-page.php:33
Stack trace:
#0 /app/public/wp-content/themes/fictional-university-theme/front-page.php(33): DateTime->__construct('14/10/2018')
#1 /app/public/wp-includes/template-loader.php(74): include('/app/public/wp-...')
#2 /app/public/wp-blog-header.php(19): require_once('/app/public/wp-...')
#3 /app/public/index.php(17): require('/app/public/wp-...')
#4 {main}
  thrown in /app/public/wp-content/themes/fictional-university-theme/front-page.php on line 33
[04-Oct-2018 18:54:10 UTC] PHP Fatal error:  Uncaught Exception: DateTime::__construct(): Failed to parse time string (14/10/2018) at position 0 (1): Unexpected character in /app/public/wp-content/themes/fictional-university-theme/front-page.php:33
Stack trace:
#0 /app/public/wp-content/themes/fictional-university-theme/front-page.php(33): DateTime->__construct('14/10/2018')
#1 /app/public/wp-includes/template-loader.php(74): include('/app/public/wp-...')
#2 /app/public/wp-blog-header.php(19): require_once('/app/public/wp-...')
#3 /app/public/index.php(17): require('/app/public/wp-...')
#4 {main}
  thrown in /app/public/wp-content/themes/fictional-university-theme/front-page.php on line 33
[04-Oct-2018 18:54:14 UTC] PHP Fatal error:  Uncaught Exception: DateTime::__construct(): Failed to parse time string (14/10/2018) at position 0 (1): Unexpected character in /app/public/wp-content/themes/fictional-university-theme/front-page.php:33
Stack trace:
#0 /app/public/wp-content/themes/fictional-university-theme/front-page.php(33): DateTime->__construct('14/10/2018')
#1 /app/public/wp-includes/template-loader.php(74): include('/app/public/wp-...')
#2 /app/public/wp-blog-header.php(19): require_once('/app/public/wp-...')
#3 /app/public/index.php(17): require('/app/public/wp-...')
#4 {main}
  thrown in /app/public/wp-content/themes/fictional-university-theme/front-page.php on line 33
[04-Oct-2018 18:54:16 UTC] PHP Fatal error:  Uncaught Exception: DateTime::__construct(): Failed to parse time string (14/10/2018) at position 0 (1): Unexpected character in /app/public/wp-content/themes/fictional-university-theme/front-page.php:33
Stack trace:
#0 /app/public/wp-content/themes/fictional-university-theme/front-page.php(33): DateTime->__construct('14/10/2018')
#1 /app/public/wp-includes/template-loader.php(74): include('/app/public/wp-...')
#2 /app/public/wp-blog-header.php(19): require_once('/app/public/wp-...')
#3 /app/public/index.php(17): require('/app/public/wp-...')
#4 {main}
  thrown in /app/public/wp-content/themes/fictional-university-theme/front-page.php on line 33
[04-Oct-2018 18:54:38 UTC] PHP Fatal error:  Uncaught Exception: DateTime::__construct(): Failed to parse time string (14/10/2018) at position 0 (1): Unexpected character in /app/public/wp-content/themes/fictional-university-theme/front-page.php:33
Stack trace:
#0 /app/public/wp-content/themes/fictional-university-theme/front-page.php(33): DateTime->__construct('14/10/2018')
#1 /app/public/wp-includes/template-loader.php(74): include('/app/public/wp-...')
#2 /app/public/wp-blog-header.php(19): require_once('/app/public/wp-...')
#3 /app/public/index.php(17): require('/app/public/wp-...')
#4 {main}
  thrown in /app/public/wp-content/themes/fictional-university-theme/front-page.php on line 33
[04-Oct-2018 18:54:39 UTC] PHP Fatal error:  Uncaught Exception: DateTime::__construct(): Failed to parse time string (14/10/2018) at position 0 (1): Unexpected character in /app/public/wp-content/themes/fictional-university-theme/front-page.php:33
Stack trace:
#0 /app/public/wp-content/themes/fictional-university-theme/front-page.php(33): DateTime->__construct('14/10/2018')
#1 /app/public/wp-includes/template-loader.php(74): include('/app/public/wp-...')
#2 /app/public/wp-blog-header.php(19): require_once('/app/public/wp-...')
#3 /app/public/index.php(17): require('/app/public/wp-...')
#4 {main}
  thrown in /app/public/wp-content/themes/fictional-university-theme/front-page.php on line 33
[04-Oct-2018 18:55:00 UTC] PHP Fatal error:  Uncaught Exception: DateTime::__construct(): Failed to parse time string (14/10/2018) at position 0 (1): Unexpected character in /app/public/wp-content/themes/fictional-university-theme/front-page.php:33
Stack trace:
#0 /app/public/wp-content/themes/fictional-university-theme/front-page.php(33): DateTime->__construct('14/10/2018')
#1 /app/public/wp-includes/template-loader.php(74): include('/app/public/wp-...')
#2 /app/public/wp-blog-header.php(19): require_once('/app/public/wp-...')
#3 /app/public/index.php(17): require('/app/public/wp-...')
#4 {main}
  thrown in /app/public/wp-content/themes/fictional-university-theme/front-page.php on line 33
[04-Oct-2018 18:56:26 UTC] PHP Fatal error:  Uncaught Exception: DateTime::__construct(): Failed to parse time string (14/10/2018) at position 0 (1): Unexpected character in /app/public/wp-content/themes/fictional-university-theme/front-page.php:33
Stack trace:
#0 /app/public/wp-content/themes/fictional-university-theme/front-page.php(33): DateTime->__construct('14/10/2018')
#1 /app/public/wp-includes/template-loader.php(74): include('/app/public/wp-...')
#2 /app/public/wp-blog-header.php(19): require_once('/app/public/wp-...')
#3 /app/public/index.php(17): require('/app/public/wp-...')
#4 {main}
  thrown in /app/public/wp-content/themes/fictional-university-theme/front-page.php on line 33
[04-Oct-2018 18:58:04 UTC] PHP Fatal error:  Uncaught Exception: DateTime::__construct(): Failed to parse time string (14/10/2018) at position 0 (1): Unexpected character in /app/public/wp-content/themes/fictional-university-theme/front-page.php:35
Stack trace:
#0 /app/public/wp-content/themes/fictional-university-theme/front-page.php(35): DateTime->__construct('14/10/2018')
#1 /app/public/wp-includes/template-loader.php(74): include('/app/public/wp-...')
#2 /app/public/wp-blog-header.php(19): require_once('/app/public/wp-...')
#3 /app/public/index.php(17): require('/app/public/wp-...')
#4 {main}
  thrown in /app/public/wp-content/themes/fictional-university-theme/front-page.php on line 35
[05-Oct-2018 15:26:23 UTC] PHP Parse error:  syntax error, unexpected 'add_action' (T_STRING) in /app/public/wp-content/themes/fictional-university-theme/functions.php on line 43
[05-Oct-2018 15:30:36 UTC] PHP Fatal error:  Uncaught Error: Call to undefined function get_post_type_archive() in /app/public/wp-content/themes/fictional-university-theme/functions.php:33
Stack trace:
#0 /app/public/wp-includes/class-wp-hook.php(286): adjust_event_archive_query(Object(WP_Query))
#1 /app/public/wp-includes/class-wp-hook.php(310): WP_Hook->apply_filters('', Array)
#2 /app/public/wp-includes/plugin.php(515): WP_Hook->do_action(Array)
#3 /app/public/wp-includes/class-wp-query.php(1634): do_action_ref_array('pre_get_posts', Array)
#4 /app/public/wp-includes/class-wp-query.php(3230): WP_Query->get_posts()
#5 /app/public/wp-includes/class-wp.php(599): WP_Query->query(Array)
#6 /app/public/wp-includes/class-wp.php(715): WP->query_posts()
#7 /app/public/wp-includes/functions.php(960): WP->main('')
#8 /app/public/wp-blog-header.php(16): wp()
#9 /app/public/index.php(17): require('/app/public/wp-...')
#10 {main}
  thrown in /app/public/wp-content/themes/fictional-university-theme/functions.php on line 33
[05-Oct-2018 15:33:16 UTC] PHP Fatal error:  Uncaught ArgumentCountError: Too few arguments to function WP_Query::set(), 0 passed in /app/public/wp-content/themes/fictional-university-theme/functions.php on line 37 and exactly 2 expected in /app/public/wp-includes/class-wp-query.php:1604
Stack trace:
#0 /app/public/wp-content/themes/fictional-university-theme/functions.php(37): WP_Query->set()
#1 /app/public/wp-includes/class-wp-hook.php(286): adjust_event_archive_query(Object(WP_Query))
#2 /app/public/wp-includes/class-wp-hook.php(310): WP_Hook->apply_filters('', Array)
#3 /app/public/wp-includes/plugin.php(515): WP_Hook->do_action(Array)
#4 /app/public/wp-includes/class-wp-query.php(1634): do_action_ref_array('pre_get_posts', Array)
#5 /app/public/wp-includes/class-wp-query.php(3230): WP_Query->get_posts()
#6 /app/public/wp-includes/class-wp.php(599): WP_Query->query(Array)
#7 /app/public/wp-includes/class-wp.php(715): WP->query_posts()
#8 /app/public/wp-includes/functions.php(960): WP->main('')
#9 /app/public/wp-blog-header.php(16): wp()
#10 /app/pub in /app/public/wp-includes/class-wp-query.php on line 1604
[05-Oct-2018 15:40:10 UTC] PHP Parse error:  syntax error, unexpected '=>' (T_DOUBLE_ARROW), expecting ',' or ')' in /app/public/wp-content/themes/fictional-university-theme/functions.php on line 55
[05-Oct-2018 15:40:29 UTC] PHP Fatal error:  Allowed memory size of 268435456 bytes exhausted (tried to allocate 20480 bytes) in /app/public/wp-includes/class-wp-hook.php on line 271
[05-Oct-2018 15:42:35 UTC] PHP Parse error:  syntax error, unexpected '=>' (T_DOUBLE_ARROW), expecting ')' in /app/public/wp-content/themes/fictional-university-theme/functions.php on line 62
[05-Oct-2018 15:42:48 UTC] PHP Parse error:  syntax error, unexpected '=>' (T_DOUBLE_ARROW), expecting ')' in /app/public/wp-content/themes/fictional-university-theme/functions.php on line 62
[05-Oct-2018 15:42:49 UTC] PHP Parse error:  syntax error, unexpected '=>' (T_DOUBLE_ARROW), expecting ')' in /app/public/wp-content/themes/fictional-university-theme/functions.php on line 62
[05-Oct-2018 15:47:47 UTC] PHP Parse error:  syntax error, unexpected 'if' (T_IF), expecting ',' or ';' in /app/public/wp-content/themes/fictional-university-theme/functions.php on line 37
[05-Oct-2018 15:49:55 UTC] PHP Parse error:  syntax error, unexpected ';', expecting ',' or ')' in /app/public/wp-content/themes/fictional-university-theme/functions.php on line 36
[05-Oct-2018 16:50:59 UTC] PHP Parse error:  syntax error, unexpected '}', expecting end of file in /app/public/wp-content/mu-plugins/university-post-types.php on line 45
[05-Oct-2018 16:51:39 UTC] PHP Parse error:  syntax error, unexpected '}', expecting end of file in /app/public/wp-content/mu-plugins/university-post-types.php on line 45
[05-Oct-2018 16:51:39 UTC] PHP Parse error:  syntax error, unexpected '}', expecting end of file in /app/public/wp-content/mu-plugins/university-post-types.php on line 45
[05-Oct-2018 17:27:25 UTC] PHP Parse error:  syntax error, unexpected '}', expecting ',' or ';' in /app/public/wp-content/themes/fictional-university-theme/single-event.php on line 43
[05-Oct-2018 17:27:32 UTC] PHP Fatal error:  Uncaught Error: Cannot use object of type WP_Post as array in /app/public/wp-content/themes/fictional-university-theme/single-event.php:42
Stack trace:
#0 /app/public/wp-includes/template-loader.php(74): include()
#1 /app/public/wp-blog-header.php(19): require_once('/app/public/wp-...')
#2 /app/public/index.php(17): require('/app/public/wp-...')
#3 {main}
  thrown in /app/public/wp-content/themes/fictional-university-theme/single-event.php on line 42
[05-Oct-2018 17:29:09 UTC] PHP Recoverable fatal error:  Object of class WP_Post could not be converted to string in /app/public/wp-content/themes/fictional-university-theme/single-event.php on line 42
[05-Oct-2018 17:29:19 UTC] PHP Parse error:  syntax error, unexpected '$program' (T_VARIABLE) in /app/public/wp-content/themes/fictional-university-theme/single-event.php on line 42
[05-Oct-2018 17:34:33 UTC] PHP Parse error:  syntax error, unexpected ',' in /app/public/wp-content/themes/fictional-university-theme/single-event.php on line 43
[05-Oct-2018 17:34:48 UTC] PHP Parse error:  syntax error, unexpected ',' in /app/public/wp-content/themes/fictional-university-theme/single-event.php on line 43
[05-Oct-2018 17:35:13 UTC] PHP Parse error:  syntax error, unexpected ',' in /app/public/wp-content/themes/fictional-university-theme/single-event.php on line 42
[05-Oct-2018 17:35:23 UTC] PHP Parse error:  syntax error, unexpected ',' in /app/public/wp-content/themes/fictional-university-theme/single-event.php on line 43
[05-Oct-2018 17:35:24 UTC] PHP Parse error:  syntax error, unexpected ',' in /app/public/wp-content/themes/fictional-university-theme/single-event.php on line 43
[05-Oct-2018 17:35:44 UTC] PHP Parse error:  syntax error, unexpected ',' in /app/public/wp-content/themes/fictional-university-theme/single-event.php on line 43
[05-Oct-2018 17:42:04 UTC] PHP Warning:  Invalid argument supplied for foreach() in /app/public/wp-content/themes/fictional-university-theme/single-event.php on line 44
[05-Oct-2018 17:43:18 UTC] PHP Parse error:  syntax error, unexpected '}', expecting ',' or ';' in /app/public/wp-content/themes/fictional-university-theme/single-event.php on line 53
[05-Oct-2018 17:47:32 UTC] PHP Fatal error:  Uncaught Error: Call to undefined function situe_url() in /app/public/wp-content/themes/fictional-university-theme/header.php:30
Stack trace:
#0 /app/public/wp-includes/template.php(688): require_once()
#1 /app/public/wp-includes/template.php(647): load_template('/app/public/wp-...', true)
#2 /app/public/wp-includes/general-template.php(41): locate_template(Array, true)
#3 /app/public/wp-content/themes/fictional-university-theme/single-event.php(4): get_header()
#4 /app/public/wp-includes/template-loader.php(74): include('/app/public/wp-...')
#5 /app/public/wp-blog-header.php(19): require_once('/app/public/wp-...')
#6 /app/public/index.php(17): require('/app/public/wp-...')
#7 {main}
  thrown in /app/public/wp-content/themes/fictional-university-theme/header.php on line 30
[05-Oct-2018 17:47:39 UTC] PHP Fatal error:  Uncaught Error: Call to undefined function situe_url() in /app/public/wp-content/themes/fictional-university-theme/header.php:30
Stack trace:
#0 /app/public/wp-includes/template.php(688): require_once()
#1 /app/public/wp-includes/template.php(647): load_template('/app/public/wp-...', true)
#2 /app/public/wp-includes/general-template.php(41): locate_template(Array, true)
#3 /app/public/wp-content/themes/fictional-university-theme/single-event.php(4): get_header()
#4 /app/public/wp-includes/template-loader.php(74): include('/app/public/wp-...')
#5 /app/public/wp-blog-header.php(19): require_once('/app/public/wp-...')
#6 /app/public/index.php(17): require('/app/public/wp-...')
#7 {main}
  thrown in /app/public/wp-content/themes/fictional-university-theme/header.php on line 30
[05-Oct-2018 17:47:41 UTC] PHP Fatal error:  Uncaught Error: Call to undefined function situe_url() in /app/public/wp-content/themes/fictional-university-theme/header.php:30
Stack trace:
#0 /app/public/wp-includes/template.php(688): require_once()
#1 /app/public/wp-includes/template.php(647): load_template('/app/public/wp-...', true)
#2 /app/public/wp-includes/general-template.php(41): locate_template(Array, true)
#3 /app/public/wp-content/themes/fictional-university-theme/front-page.php(1): get_header()
#4 /app/public/wp-includes/template-loader.php(74): include('/app/public/wp-...')
#5 /app/public/wp-blog-header.php(19): require_once('/app/public/wp-...')
#6 /app/public/index.php(17): require('/app/public/wp-...')
#7 {main}
  thrown in /app/public/wp-content/themes/fictional-university-theme/header.php on line 30
[05-Oct-2018 18:00:31 UTC] PHP Parse error:  syntax error, unexpected ')' in /app/public/wp-content/themes/fictional-university-theme/single-program.php on line 63
[05-Oct-2018 18:07:35 UTC] PHP Parse error:  syntax error, unexpected 'while' (T_WHILE), expecting ',' or ';' in /app/public/wp-content/themes/fictional-university-theme/single-program.php on line 70
[05-Oct-2018 18:07:53 UTC] PHP Parse error:  syntax error, unexpected 'while' (T_WHILE), expecting ',' or ';' in /app/public/wp-content/themes/fictional-university-theme/single-program.php on line 70
[05-Oct-2018 18:08:44 UTC] PHP Fatal error:  'break' not in the 'loop' or 'switch' context in /app/public/wp-content/themes/fictional-university-theme/single-program.php on line 67
[05-Oct-2018 18:08:45 UTC] PHP Fatal error:  'break' not in the 'loop' or 'switch' context in /app/public/wp-content/themes/fictional-university-theme/single-program.php on line 67
[05-Oct-2018 18:15:21 UTC] PHP Fatal error:  Uncaught Error: Call to undefined function post_type_archive_link() in /app/public/wp-content/themes/fictional-university-theme/front-page.php:11
Stack trace:
#0 /app/public/wp-includes/template-loader.php(74): include()
#1 /app/public/wp-blog-header.php(19): require_once('/app/public/wp-...')
#2 /app/public/index.php(17): require('/app/public/wp-...')
#3 {main}
  thrown in /app/public/wp-content/themes/fictional-university-theme/front-page.php on line 11
